Build started 26.08.2021 19:13:37.
     1>Project "D:\C++ learning\sfml_book\sfml_book.vcxproj" on node 2 (Build target(s)).
     1>ClCompile:
         D:\VS\VC\bin\CL.exe /c /I"D:\C++ learning\sfml_book\\source" /I"D:\SFML-2.4.2\include" /ZI /nologo /W4 /WX- /Od /Oy- /D _MBCS /Gm /EHsc /RTC1 /MDd /GS /fp:precise /Za /Zc:wchar_t /Zc:forScope /Fo"Debug\\" /Fd"Debug\vc110.pdb" /Gd /TP /analyze- /errorReport:prompt source\Aircraft.cpp source\Button.cpp source\Command.cpp source\CommandQueue.cpp source\Component.cpp source\Container.cpp source\DataTables.cpp source\EmitterNode.cpp source\Entity.cpp source\Application.cpp source\GameState.cpp source\Label.cpp source\main.cpp source\MenuState.cpp source\ParticleNode.cpp source\PauseState.cpp source\Pickup.cpp source\Player.cpp source\Projectile.cpp source\SceneNode.cpp source\SettingsState.cpp source\SpriteNode.cpp source\State.cpp source\StateStack.cpp source\TextNode.cpp source\Utility.cpp source\World.cpp
         World.cpp
         Utility.cpp
         TextNode.cpp
         StateStack.cpp
         State.cpp
         SpriteNode.cpp
         SettingsState.cpp
         SceneNode.cpp
         Projectile.cpp
         Player.cpp
         Pickup.cpp
         PauseState.cpp
         ParticleNode.cpp
         MenuState.cpp
         main.cpp
         Label.cpp
         GameState.cpp
         Application.cpp
         Entity.cpp
         EmitterNode.cpp
         Generating Code...
         Compiling...
         DataTables.cpp
         Container.cpp
         Component.cpp
         CommandQueue.cpp
         Command.cpp
         Button.cpp
         Aircraft.cpp
         Generating Code...
         D:\VS\VC\bin\CL.exe /c /I"D:\C++ learning\sfml_book\\source" /I"D:\SFML-2.4.2\include" /I"D:\C++ learning\sfml_book\\source" /I"D:\SFML-2.4.2\include" /ZI /nologo /W4 /WX- /Od /Oy- /D _MBCS /Gm /EHsc /RTC1 /MDd /GS /fp:precise /Za /Zc:wchar_t /Zc:forScope /Fo"Debug\\" /Fd"Debug\vc110.pdb" /Gd /TP /analyze- /errorReport:prompt source\TitleState.cpp
         TitleState.cpp
       Link:
         D:\VS\VC\bin\link.exe /ERRORREPORT:PROMPT /OUT:"D:\C++ learning\sfml_book\Debug\sfml_book.exe" /INCREMENTAL /NOLOGO /LIBPATH:"D:\SFML-2.4.2\lib" "sfml-graphics-d.lib" "sfml-window-d.lib" "sfml-audio-d.lib" "sfml-system-d.lib" "sfml-network-d.lib" kernel32.lib user32.lib gdi32.lib winspool.lib comdlg32.lib advapi32.lib shell32.lib ole32.lib oleaut32.lib uuid.lib odbc32.lib odbccp32.lib /MANIFEST /MANIFESTUAC:"level='asInvoker' uiAccess='false'" /manifest:embed /DEBUG /PDB:"D:\C++ learning\sfml_book\Debug\sfml_book.pdb" /TLBID:1 /DYNAMICBASE /NXCOMPAT /IMPLIB:"D:\C++ learning\sfml_book\Debug\sfml_book.lib" /MACHINE:X86 Debug\Aircraft.obj
         Debug\Button.obj
         Debug\Command.obj
         Debug\CommandQueue.obj
         Debug\Component.obj
         Debug\Container.obj
         Debug\DataTables.obj
         Debug\EmitterNode.obj
         Debug\Entity.obj
         Debug\Application.obj
         Debug\GameState.obj
         Debug\Label.obj
         Debug\main.obj
         Debug\MenuState.obj
         Debug\ParticleNode.obj
         Debug\PauseState.obj
         Debug\Pickup.obj
         Debug\Player.obj
         Debug\Projectile.obj
         Debug\SceneNode.obj
         Debug\SettingsState.obj
         Debug\SpriteNode.obj
         Debug\State.obj
         Debug\StateStack.obj
         Debug\TextNode.obj
         Debug\TitleState.obj
         Debug\Utility.obj
         Debug\World.obj
         sfml_book.vcxproj -> D:\C++ learning\sfml_book\Debug\sfml_book.exe
     1>Done Building Project "D:\C++ learning\sfml_book\sfml_book.vcxproj" (Build target(s)).

Build succeeded.

Time Elapsed 00:00:53.97
