D:\C++ LEARNING\SFML_BOOK\DEBUG\ENTITY.OBJ
D:\C++ LEARNING\SFML_BOOK\DEBUG\APPLICATION.OBJ
D:\C++ LEARNING\SFML_BOOK\DEBUG\GAMESTATE.OBJ
D:\C++ LEARNING\SFML_BOOK\DEBUG\LABEL.OBJ
D:\C++ LEARNING\SFML_BOOK\DEBUG\MAIN.OBJ
D:\C++ LEARNING\SFML_BOOK\DEBUG\MENUSTATE.OBJ
D:\C++ LEARNING\SFML_BOOK\DEBUG\PAUSESTATE.OBJ
D:\C++ LEARNING\SFML_BOOK\DEBUG\PICKUP.OBJ
D:\C++ LEARNING\SFML_BOOK\DEBUG\PLAYER.OBJ
D:\C++ LEARNING\SFML_BOOK\DEBUG\PROJECTILE.OBJ
D:\C++ LEARNING\SFML_BOOK\DEBUG\SCENENODE.OBJ
D:\C++ LEARNING\SFML_BOOK\DEBUG\SETTINGSSTATE.OBJ
D:\C++ LEARNING\SFML_BOOK\DEBUG\SPRITENODE.OBJ
D:\C++ LEARNING\SFML_BOOK\DEBUG\STATE.OBJ
D:\C++ LEARNING\SFML_BOOK\DEBUG\STATESTACK.OBJ
D:\C++ LEARNING\SFML_BOOK\DEBUG\TEXTNODE.OBJ
D:\C++ LEARNING\SFML_BOOK\DEBUG\TITLESTATE.OBJ
D:\C++ LEARNING\SFML_BOOK\DEBUG\UTILITY.OBJ
D:\C++ LEARNING\SFML_BOOK\DEBUG\WORLD.OBJ
D:\C++ LEARNING\SFML_BOOK\DEBUG\AIRCRAFT.OBJ
D:\C++ LEARNING\SFML_BOOK\DEBUG\BUTTON.OBJ
D:\C++ LEARNING\SFML_BOOK\DEBUG\COMMAND.OBJ
D:\C++ LEARNING\SFML_BOOK\DEBUG\COMMANDQUEUE.OBJ
D:\C++ LEARNING\SFML_BOOK\DEBUG\COMPONENT.OBJ
D:\C++ LEARNING\SFML_BOOK\DEBUG\CONTAINER.OBJ
D:\C++ LEARNING\SFML_BOOK\DEBUG\DATATABLES.OBJ
D:\C++ LEARNING\SFML_BOOK\DEBUG\VC110.PDB
D:\C++ LEARNING\SFML_BOOK\DEBUG\EMITTERNODE.OBJ
D:\C++ LEARNING\SFML_BOOK\DEBUG\PARTICLENODE.OBJ
D:\C++ LEARNING\SFML_BOOK\DEBUG\ANIMATION.OBJ
D:\C++ LEARNING\SFML_BOOK\DEBUG\SFML_BOOK.ILK
D:\C++ LEARNING\SFML_BOOK\DEBUG\SFML_BOOK.EXE
D:\C++ LEARNING\SFML_BOOK\DEBUG\SFML_BOOK.PDB
D:\C++ learning\sfml_book\Debug\Aircraft.obj
D:\C++ learning\sfml_book\Debug\Animation.obj
D:\C++ learning\sfml_book\Debug\Application.obj
D:\C++ learning\sfml_book\Debug\Button.obj
D:\C++ learning\sfml_book\Debug\Command.obj
D:\C++ learning\sfml_book\Debug\CommandQueue.obj
D:\C++ learning\sfml_book\Debug\Component.obj
D:\C++ learning\sfml_book\Debug\Container.obj
D:\C++ learning\sfml_book\Debug\DataTables.obj
D:\C++ learning\sfml_book\Debug\EmitterNode.obj
D:\C++ learning\sfml_book\Debug\Entity.obj
D:\C++ learning\sfml_book\Debug\GameState.obj
D:\C++ learning\sfml_book\Debug\Label.obj
D:\C++ learning\sfml_book\Debug\main.obj
D:\C++ learning\sfml_book\Debug\MenuState.obj
D:\C++ learning\sfml_book\Debug\ParticleNode.obj
D:\C++ learning\sfml_book\Debug\PauseState.obj
D:\C++ learning\sfml_book\Debug\Pickup.obj
D:\C++ learning\sfml_book\Debug\Player.obj
D:\C++ learning\sfml_book\Debug\Projectile.obj
D:\C++ learning\sfml_book\Debug\SceneNode.obj
D:\C++ learning\sfml_book\Debug\SettingsState.obj
D:\C++ learning\sfml_book\Debug\SpriteNode.obj
D:\C++ learning\sfml_book\Debug\State.obj
D:\C++ learning\sfml_book\Debug\StateStack.obj
D:\C++ learning\sfml_book\Debug\TextNode.obj
D:\C++ learning\sfml_book\Debug\TitleState.obj
D:\C++ learning\sfml_book\Debug\Utility.obj
D:\C++ learning\sfml_book\Debug\World.obj
D:\C++ learning\sfml_book\Debug\sfml_book.ilk
D:\C++ learning\sfml_book\Debug\cl.command.1.tlog
D:\C++ learning\sfml_book\Debug\CL.read.1.tlog
D:\C++ learning\sfml_book\Debug\CL.write.1.tlog
D:\C++ learning\sfml_book\Debug\link-cvtres.read.1.tlog
D:\C++ learning\sfml_book\Debug\link-cvtres.write.1.tlog
D:\C++ learning\sfml_book\Debug\link-rc.read.1.tlog
D:\C++ learning\sfml_book\Debug\link-rc.write.1.tlog
D:\C++ learning\sfml_book\Debug\link.1512-cvtres.read.1.tlog
D:\C++ learning\sfml_book\Debug\link.1512-cvtres.write.1.tlog
D:\C++ learning\sfml_book\Debug\link.1512-rc.read.1.tlog
D:\C++ learning\sfml_book\Debug\link.1512-rc.write.1.tlog
D:\C++ learning\sfml_book\Debug\link.1512.read.1.tlog
D:\C++ learning\sfml_book\Debug\link.1512.write.1.tlog
D:\C++ learning\sfml_book\Debug\link.4652-cvtres.read.1.tlog
D:\C++ learning\sfml_book\Debug\link.4652-cvtres.write.1.tlog
D:\C++ learning\sfml_book\Debug\link.4652-rc.read.1.tlog
D:\C++ learning\sfml_book\Debug\link.4652-rc.write.1.tlog
D:\C++ learning\sfml_book\Debug\link.4652.read.1.tlog
D:\C++ learning\sfml_book\Debug\link.4652.write.1.tlog
D:\C++ learning\sfml_book\Debug\link.556-cvtres.read.1.tlog
D:\C++ learning\sfml_book\Debug\link.556-cvtres.write.1.tlog
D:\C++ learning\sfml_book\Debug\link.556-rc.read.1.tlog
D:\C++ learning\sfml_book\Debug\link.556-rc.write.1.tlog
D:\C++ learning\sfml_book\Debug\link.556.read.1.tlog
D:\C++ learning\sfml_book\Debug\link.556.write.1.tlog
D:\C++ learning\sfml_book\Debug\link.7268-cvtres.read.1.tlog
D:\C++ learning\sfml_book\Debug\link.7268-cvtres.write.1.tlog
D:\C++ learning\sfml_book\Debug\link.7268-rc.read.1.tlog
D:\C++ learning\sfml_book\Debug\link.7268-rc.write.1.tlog
D:\C++ learning\sfml_book\Debug\link.7268.read.1.tlog
D:\C++ learning\sfml_book\Debug\link.7268.write.1.tlog
D:\C++ learning\sfml_book\Debug\link.command.1.tlog
D:\C++ learning\sfml_book\Debug\link.read.1.tlog
D:\C++ learning\sfml_book\Debug\link.write.1.tlog
D:\C++ learning\sfml_book\Debug\vc110.idb
D:\C++ learning\sfml_book\Debug\sfml_book.pdb
D:\C++ learning\sfml_book\Debug\vc110.pdb
D:\C++ learning\sfml_book\Debug\sfml_book.exe
